<?xml version="1.0" encoding="UTF-8"?>
<!-- Generated by org.testng.reporters.JUnitReportReporter -->
<testsuite hostname="localhost" name="com.puma.test.CartTest" tests="2" failures="0" timestamp="16 Dec 2013 05:41:15 GMT" time="33.031" errors="0">
  <testcase name="searchForSku" time="4.855" classname="com.puma.test.CartTest"/>
  <testcase name="getFromHomeToCart" time="28.176" classname="com.puma.test.CartTest"/>
</testsuite> <!-- com.puma.test.CartTest -->
