<?xml version="1.0" encoding="UTF-8"?>
<!-- Generated by org.testng.reporters.JUnitReportReporter -->
<testsuite hostname="localhost" name="com.puma.test.CheckoutSignIn" tests="3" failures="0" timestamp="2 Jan 2014 18:20:42 GMT" time="54.361" errors="0">
  <testcase name="checkoutSignInRegistered" time="0.000" classname="com.puma.test.CheckoutSignIn"/>
  <testcase name="checkoutSignInGuest" time="6.771" classname="com.puma.test.CheckoutSignIn"/>
  <testcase name="interstCheckoutPage" time="47.590" classname="com.puma.test.CheckoutSignIn"/>
</testsuite> <!-- com.puma.test.CheckoutSignIn -->
