<?xml version="1.0" encoding="UTF-8"?>
<!-- Generated by org.testng.reporters.JUnitReportReporter -->
<testsuite hostname="localhost" name="com.puma.test.PumaUtilNavSearch" tests="3" failures="0" timestamp="16 Dec 2013 05:41:15 GMT" time="37.224" errors="0">
  <testcase name="searchForSku" time="14.414" classname="com.puma.test.PumaUtilNavSearch"/>
  <testcase name="searchForPants" time="13.131" classname="com.puma.test.PumaUtilNavSearch"/>
  <testcase name="openPumaHomePage" time="9.679" classname="com.puma.test.PumaUtilNavSearch"/>
</testsuite> <!-- com.puma.test.PumaUtilNavSearch -->
