<?xml version="1.0" encoding="UTF-8"?>
<!-- Generated by org.testng.reporters.JUnitReportReporter -->
<testsuite hostname="localhost" name="com.puma.test.PumaUtilNavSearch" tests="3" failures="0" timestamp="2 Jan 2014 18:20:42 GMT" time="36.121" errors="0">
  <testcase name="searchForSku" time="7.618" classname="com.puma.test.PumaUtilNavSearch"/>
  <testcase name="searchForPants" time="19.106" classname="com.puma.test.PumaUtilNavSearch"/>
  <testcase name="openPumaHomePage" time="9.397" classname="com.puma.test.PumaUtilNavSearch"/>
</testsuite> <!-- com.puma.test.PumaUtilNavSearch -->
