<?xml version="1.0" encoding="UTF-8"?>
<!-- Generated by org.testng.reporters.JUnitReportReporter -->
<testsuite hostname="localhost" name="com.puma.util.GatherInfo" tests="2" failures="0" timestamp="12 Jan 2014 02:13:28 GMT" time="62.227" errors="0">
  <testcase name="getFromHomeToStep1" time="62.064" classname="com.puma.util.GatherInfo"/>
  <testcase name="step1CountryDropDownSaveToTx" time="0.163" classname="com.puma.util.GatherInfo"/>
</testsuite> <!-- com.puma.util.GatherInfo -->
