<?xml version="1.0" encoding="UTF-8"?>
<!-- Generated by org.testng.reporters.JUnitReportReporter -->
<testsuite hostname="localhost" name="com.puma.test.CartTest" tests="2" failures="0" timestamp="2 Jan 2014 18:20:42 GMT" time="40.097" errors="0">
  <testcase name="getFromHomeToCart" time="30.582" classname="com.puma.test.CartTest"/>
  <testcase name="fromMiniCartToCart" time="9.515" classname="com.puma.test.CartTest"/>
</testsuite> <!-- com.puma.test.CartTest -->
