<?xml version="1.0" encoding="UTF-8"?>
<!-- Generated by org.testng.reporters.JUnitReportReporter -->
<testsuite hostname="localhost" name="Test1" tests="1" failures="0" timestamp="9 Dec 2013 03:59:10 GMT" time="18.504" errors="0">
  <testcase name="printHello" time="18.504" classname="Test1"/>
</testsuite> <!-- Test1 -->
