<?xml version="1.0" encoding="UTF-8"?>
<!-- Generated by org.testng.reporters.JUnitReportReporter -->
<testsuite hostname="localhost" name="com.puma.test.CheckoutSignIn" tests="3" failures="0" timestamp="16 Dec 2013 05:41:15 GMT" time="39.773" errors="0">
  <testcase name="checkoutSignInGuest" time="4.415" classname="com.puma.test.CheckoutSignIn"/>
  <testcase name="checkoutSignInRegistered" time="0.001" classname="com.puma.test.CheckoutSignIn"/>
  <testcase name="interstCheckoutPage" time="35.357" classname="com.puma.test.CheckoutSignIn"/>
</testsuite> <!-- com.puma.test.CheckoutSignIn -->
