<?xml version="1.0" encoding="UTF-8"?>
<!-- Generated by org.testng.reporters.JUnitReportReporter -->
<testsuite hostname="localhost" name="com.puma.unitTests.PumaExampleOfUsingUtilClasses" tests="1" failures="0" timestamp="11 Dec 2013 00:15:42 GMT" time="6.345" errors="0">
  <testcase name="openPumaHomePage" time="6.345" classname="com.puma.unitTests.PumaExampleOfUsingUtilClasses"/>
</testsuite> <!-- com.puma.unitTests.PumaExampleOfUsingUtilClasses -->
