<?xml version="1.0" encoding="UTF-8"?>
<!-- Generated by org.testng.reporters.JUnitReportReporter -->
<testsuite hostname="localhost" name="com.puma.test.PDPTest" tests="7" failures="0" timestamp="16 Dec 2013 05:41:15 GMT" time="24.233" errors="0">
  <testcase name="pdpPageSelectColor" time="4.248" classname="com.puma.test.PDPTest"/>
  <testcase name="homePageMainNav" time="6.363" classname="com.puma.test.PDPTest"/>
  <testcase name="pdpPageSizeChart" time="4.233" classname="com.puma.test.PDPTest"/>
  <testcase name="subcatPageFunct" time="0.001" classname="com.puma.test.PDPTest"/>
  <testcase name="pdpPageSelectSize" time="2.129" classname="com.puma.test.PDPTest"/>
  <testcase name="subcatPageUI" time="4.562" classname="com.puma.test.PDPTest"/>
  <testcase name="pdpPageZoomIn" time="2.697" classname="com.puma.test.PDPTest"/>
</testsuite> <!-- com.puma.test.PDPTest -->
