<?xml version="1.0" encoding="UTF-8"?>
<!-- Generated by org.testng.reporters.JUnitReportReporter -->
<testsuite hostname="localhost" name="com.puma.test.PDPTest" tests="8" failures="0" timestamp="2 Jan 2014 18:20:42 GMT" time="23.000" errors="0">
  <testcase name="pdpPageSelectSize" time="2.219" classname="com.puma.test.PDPTest"/>
  <testcase name="pdpPageSizeChart" time="1.596" classname="com.puma.test.PDPTest"/>
  <testcase name="homePageMainNav" time="6.621" classname="com.puma.test.PDPTest"/>
  <testcase name="pdpPageSelectQuantity" time="0.550" classname="com.puma.test.PDPTest"/>
  <testcase name="subcatPageFunct" time="0.000" classname="com.puma.test.PDPTest"/>
  <testcase name="pdpPageSelectColor" time="4.279" classname="com.puma.test.PDPTest"/>
  <testcase name="subcatPageUI" time="4.826" classname="com.puma.test.PDPTest"/>
  <testcase name="pdpPageZoomIn" time="2.909" classname="com.puma.test.PDPTest"/>
</testsuite> <!-- com.puma.test.PDPTest -->
