<?xml version="1.0" encoding="UTF-8"?>
<!-- Generated by org.testng.reporters.JUnitReportReporter -->
<testsuite hostname="localhost" name="com.puma.test.CheckoutStep1" tests="9" failures="0" timestamp="2 Jan 2014 18:20:42 GMT" time="78.230" errors="0">
  <testcase name="step1Fields" time="3.918" classname="com.puma.test.CheckoutStep1"/>
  <testcase name="step1SalutationBirthday" time="2.511" classname="com.puma.test.CheckoutStep1"/>
  <testcase name="step1Fields" time="3.805" classname="com.puma.test.CheckoutStep1"/>
  <testcase name="step1Fields" time="3.982" classname="com.puma.test.CheckoutStep1"/>
  <testcase name="step1Fields" time="3.466" classname="com.puma.test.CheckoutStep1"/>
  <testcase name="getFromHomeToStep1" time="56.383" classname="com.puma.test.CheckoutStep1"/>
  <testcase name="step1NextStep" time="0.893" classname="com.puma.test.CheckoutStep1"/>
  <testcase name="step1CountryDropDown" time="0.231" classname="com.puma.test.CheckoutStep1"/>
  <testcase name="step1Fields" time="3.041" classname="com.puma.test.CheckoutStep1"/>
</testsuite> <!-- com.puma.test.CheckoutStep1 -->
