<?xml version="1.0" encoding="UTF-8"?>
<!-- Generated by org.testng.reporters.JUnitReportReporter -->
<testsuite hostname="localhost" name="com.puma.test.CartTest" tests="2" failures="0" timestamp="27 Dec 2013 22:59:23 GMT" time="32.442" errors="0">
  <testcase name="fromMiniCartToCart" time="6.595" classname="com.puma.test.CartTest"/>
  <testcase name="getFromHomeToCart" time="25.847" classname="com.puma.test.CartTest"/>
</testsuite> <!-- com.puma.test.CartTest -->
