<?xml version="1.0" encoding="UTF-8"?>
<!-- Generated by org.testng.reporters.JUnitReportReporter -->
<testsuite hostname="localhost" name="com.puma.test.CartTest" tests="2" failures="0" timestamp="16 Dec 2013 00:12:34 GMT" time="22.276" errors="0">
  <testcase name="getFromHomeToCart" time="22.275" classname="com.puma.test.CartTest"/>
  <testcase name="searchForSku" time="0.001" classname="com.puma.test.CartTest"/>
</testsuite> <!-- com.puma.test.CartTest -->
