<?xml version="1.0" encoding="UTF-8"?>
<!-- Generated by org.testng.reporters.JUnitReportReporter -->
<testsuite hostname="localhost" name="com.puma.test.CheckoutSignIn" tests="6" failures="0" timestamp="6 Jan 2014 09:04:34 GMT" time="90.364" errors="0">
  <testcase name="checkoutSignInRegistered" time="11.182" classname="com.puma.test.CheckoutSignIn"/>
  <testcase name="checkoutSignInGuest" time="17.964" classname="com.puma.test.CheckoutSignIn"/>
  <testcase name="checkoutSignInRegistered" time="16.714" classname="com.puma.test.CheckoutSignIn"/>
  <testcase name="checkoutSignInRegistered" time="12.859" classname="com.puma.test.CheckoutSignIn"/>
  <testcase name="checkoutSignInRegistered" time="16.671" classname="com.puma.test.CheckoutSignIn"/>
  <testcase name="checkoutSignInRegistered" time="14.974" classname="com.puma.test.CheckoutSignIn"/>
</testsuite> <!-- com.puma.test.CheckoutSignIn -->
