<?xml version="1.0" encoding="UTF-8"?>
<!-- Generated by org.testng.reporters.JUnitReportReporter -->
<testsuite hostname="localhost" name="com.puma.test.PumaUtilNavSearch" tests="3" failures="0" timestamp="14 Dec 2013 08:30:10 GMT" time="26.548" errors="0">
  <testcase name="searchForSku" time="13.783" classname="com.puma.test.PumaUtilNavSearch"/>
  <testcase name="openPumaHomePage" time="4.038" classname="com.puma.test.PumaUtilNavSearch"/>
  <testcase name="searchForPants" time="8.727" classname="com.puma.test.PumaUtilNavSearch"/>
</testsuite> <!-- com.puma.test.PumaUtilNavSearch -->
