<?xml version="1.0" encoding="UTF-8"?>
<!-- Generated by org.testng.reporters.JUnitReportReporter -->
<testsuite hostname="localhost" name="com.puma.test.PumaUtilNavSearch" tests="3" failures="0" timestamp="27 Dec 2013 08:55:59 GMT" time="25.616" errors="0">
  <testcase name="openPumaHomePage" time="9.043" classname="com.puma.test.PumaUtilNavSearch"/>
  <testcase name="searchForPants" time="12.052" classname="com.puma.test.PumaUtilNavSearch"/>
  <testcase name="searchForSku" time="4.521" classname="com.puma.test.PumaUtilNavSearch"/>
</testsuite> <!-- com.puma.test.PumaUtilNavSearch -->
