<?xml version="1.0" encoding="UTF-8"?>
<!-- Generated by org.testng.reporters.JUnitReportReporter -->
<testsuite hostname="localhost" name="com.puma.test.CheckoutStep1Unit" tests="2" failures="0" timestamp="5 Jan 2014 06:31:32 GMT" time="55.147" errors="0">
  <testcase name="step1NextStepBtnUI" time="0.029" classname="com.puma.test.CheckoutStep1Unit"/>
  <testcase name="getFromHomeToStep1" time="55.118" classname="com.puma.test.CheckoutStep1Unit"/>
</testsuite> <!-- com.puma.test.CheckoutStep1Unit -->
