<?xml version="1.0" encoding="UTF-8"?>
<!-- Generated by org.testng.reporters.JUnitReportReporter -->
<testsuite hostname="localhost" name="com.puma.test.HomeEuropeHeader" tests="1" failures="0" timestamp="20 Jan 2014 12:27:49 GMT" time="69.924" errors="0">
  <testcase name="testHeader" time="69.924" classname="com.puma.test.HomeEuropeHeader"/>
</testsuite> <!-- com.puma.test.HomeEuropeHeader -->
