<?xml version="1.0" encoding="UTF-8"?>
<!-- Generated by org.testng.reporters.JUnitReportReporter -->
<testsuite hostname="localhost" name="com.puma.test.CheckoutSignInPage" tests="1" failures="0" timestamp="20 Jan 2014 07:42:28 GMT" time="47.181" errors="0">
  <testcase name="getFromHomeToStep1" time="47.181" classname="com.puma.test.CheckoutSignInPage"/>
</testsuite> <!-- com.puma.test.CheckoutSignInPage -->
