<?xml version="1.0" encoding="UTF-8"?>
<!-- Generated by org.testng.reporters.JUnitReportReporter -->
<testsuite hostname="localhost" name="com.puma.test.CheckoutSignIn" tests="6" failures="0" timestamp="20 Jan 2014 08:50:30 GMT" time="103.550" errors="0">
  <testcase name="checkoutSignInRegistered" time="45.380" classname="com.puma.test.CheckoutSignIn"/>
  <testcase name="checkoutSignInGuest" time="3.222" classname="com.puma.test.CheckoutSignIn"/>
  <testcase name="checkoutSignInRegistered" time="16.234" classname="com.puma.test.CheckoutSignIn"/>
  <testcase name="checkoutSignInRegistered" time="14.716" classname="com.puma.test.CheckoutSignIn"/>
  <testcase name="checkoutSignInRegistered" time="8.883" classname="com.puma.test.CheckoutSignIn"/>
  <testcase name="checkoutSignInRegistered" time="15.115" classname="com.puma.test.CheckoutSignIn"/>
</testsuite> <!-- com.puma.test.CheckoutSignIn -->
