<?xml version="1.0" encoding="UTF-8"?>
<!-- Generated by org.testng.reporters.JUnitReportReporter -->
<testsuite hostname="localhost" name="com.puma.test.PDPTest" tests="7" failures="0" timestamp="16 Dec 2013 05:37:30 GMT" time="34.256" errors="0">
  <testcase name="pdpPageSizeChart" time="4.184" classname="com.puma.test.PDPTest"/>
  <testcase name="pdpPageSelectSize" time="2.129" classname="com.puma.test.PDPTest"/>
  <testcase name="subcatPageFunct" time="0.001" classname="com.puma.test.PDPTest"/>
  <testcase name="subcatPageUI" time="13.259" classname="com.puma.test.PDPTest"/>
  <testcase name="pdpPageSelectColor" time="4.244" classname="com.puma.test.PDPTest"/>
  <testcase name="pdpPageZoomIn" time="2.638" classname="com.puma.test.PDPTest"/>
  <testcase name="homePageMainNav" time="7.801" classname="com.puma.test.PDPTest"/>
</testsuite> <!-- com.puma.test.PDPTest -->
