<?xml version="1.0" encoding="UTF-8"?>
<!-- Generated by org.testng.reporters.JUnitReportReporter -->
<testsuite hostname="localhost" name="com.puma.test.CheckoutSignInPage" tests="1" failures="0" timestamp="5 Jan 2014 03:10:02 GMT" time="58.712" errors="0">
  <testcase name="getFromHomeToStep1" time="58.712" classname="com.puma.test.CheckoutSignInPage"/>
</testsuite> <!-- com.puma.test.CheckoutSignInPage -->
