<?xml version="1.0" encoding="UTF-8"?>
<!-- Generated by org.testng.reporters.JUnitReportReporter -->
<testsuite hostname="localhost" name="com.puma.test.CheckoutSignIn" tests="3" failures="0" timestamp="16 Dec 2013 00:44:14 GMT" time="43.515" errors="0">
  <testcase name="checkoutSignInRegistered" time="0.001" classname="com.puma.test.CheckoutSignIn"/>
  <testcase name="checkoutSignInGuest" time="6.844" classname="com.puma.test.CheckoutSignIn"/>
  <testcase name="interstCheckoutPage" time="36.670" classname="com.puma.test.CheckoutSignIn"/>
</testsuite> <!-- com.puma.test.CheckoutSignIn -->
